[
  "Programa: ",
  [
    "Declaracao: ",
    [
      "Declaracao_Funcoes: ",
      [
        "Tipo: ",
        "int"
      ],
      "main",
      "(",
      [
        "Parmetros: ",
        "void"
      ],
      ")",
      [
        "Declaracao_Composta: ",
        "{",
        [
          "Declaracao_Locais: ",
          null
        ],
        [
          "Lista_Comandos: ",
          [
            "Lista_Comandos: ",
            null,
            [
              "Comando: ",
              [
                "Declaracao_Expressao: ",
                [
                  "Expressao: ",
                  [
                    "Variavel: ",
                    "x"
                  ],
                  "=",
                  [
                    "Expressao: ",
                    [
                      "Expr_Simples: ",
                      [
                        "Soma_Expressao: ",
                        20,
                        "+",
                        10
                      ]
                    ]
                  ]
                ],
                ";"
              ]
            ]
          ],
          [
            "Comando: ",
            [
              "Declaracao_Retorno: ",
              "return",
              [
                "Expressao: ",
                [
                  "Expr_Simples: ",
                  0
                ]
              ],
              ";"
            ]
          ]
        ],
        "}"
      ]
    ]
  ]
]