[
  "Prog: ",
  [
    "Decl: ",
    [
      "Decl Fun: ",
      [
        "Tipo: ",
        "void"
      ],
      "main",
      "(",
      [
        "Parmetros: ",
        "void"
      ],
      ")",
      [
        "Decl Composta: ",
        "{",
        [
          "Decl Locais: ",
          null
        ],
        [
          "Ls Comandos: ",
          [
            "Ls Comandos: ",
            [
              "Ls Comandos: ",
              null,
              [
                "Comando: ",
                [
                  "Decl Expr: ",
                  [
                    "Expr: ",
                    [
                      "Var: ",
                      "i"
                    ],
                    "=",
                    [
                      "Expr: ",
                      [
                        "Expr Sim: ",
                        0
                      ]
                    ]
                  ],
                  ";"
                ]
              ]
            ],
            [
              "Comando: ",
              [
                "Decl It: ",
                "while",
                "(",
                [
                  "Expr: ",
                  [
                    "Expr Sim: ",
                    [
                      "Var: ",
                      "i"
                    ],
                    [
                      "Op Rel: ",
                      "<"
                    ],
                    10
                  ]
                ],
                ")",
                [
                  "Comando: ",
                  [
                    "Decl Composta: ",
                    "{",
                    null,
                    [
                      "Ls Comandos: ",
                      [
                        "Ls Comandos: ",
                        null,
                        [
                          "Comando: ",
                          [
                            "Decl Expr: ",
                            [
                              "Expr: ",
                              [
                                "Var: ",
                                "x",
                                "[",
                                [
                                  "Expr: ",
                                  [
                                    "Expr Sim: ",
                                    [
                                      "Var: ",
                                      "i"
                                    ]
                                  ]
                                ],
                                "]"
                              ],
                              "=",
                              [
                                "Expr: ",
                                [
                                  "Expr Sim: ",
                                  [
                                    "Som Expr: ",
                                    10,
                                    "-",
                                    1
                                  ]
                                ]
                              ]
                            ],
                            ";"
                          ]
                        ]
                      ],
                      [
                        "Comando: ",
                        [
                          "Decl Expr: ",
                          [
                            "Expr: ",
                            [
                              "Var: ",
                              "i"
                            ],
                            "=",
                            [
                              "Expr: ",
                              [
                                "Expr Sim: ",
                                [
                                  "Som Expr: ",
                                  [
                                    "Var: ",
                                    "i"
                                  ],
                                  "+",
                                  1
                                ]
                              ]
                            ]
                          ],
                          ";"
                        ]
                      ]
                    ],
                    "}"
                  ]
                ]
              ]
            ]
          ],
          [
            "Comando: ",
            [
              "Decl Expr: ",
              [
                "Expr: ",
                [
                  "Expr Sim: ",
                  [
                    "Ativacao: ",
                    "sort",
                    "(",
                    [
                      "Arg: ",
                      [
                        "Ls Arg: ",
                        [
                          "Expr: ",
                          [
                            "Expr Sim: ",
                            [
                              "Var: ",
                              "x"
                            ]
                          ]
                        ],
                        [
                          ",",
                          [
                            "Expr: ",
                            [
                              "Expr Sim: ",
                              0
                            ]
                          ]
                        ]
                      ]
                    ],
                    ")"
                  ]
                ]
              ],
              ";"
            ]
          ]
        ],
        "}"
      ]
    ]
  ]
]